[operationsWorkingGroup.fillOpening]                [WARN] Block: [850463]. Issuance: [747439913]. Previous issuance: [747989913]. Delta: [-550000]. Calculated Delta: [0]. Total Minted: [0]. Total Burned: [0]
[operationsWorkingGroup.fillOpening]                [WARN] Block: [1137747]. Issuance: [848283397]. Previous issuance: [848683397]. Delta: [-400000]. Calculated Delta: [0]. Total Minted: [0]. Total Burned: [0]
[operationsWorkingGroup.fillOpening]                [WARN] Block: [1141735]. Issuance: [848370389]. Previous issuance: [848970389]. Delta: [-600000]. Calculated Delta: [0]. Total Minted: [0]. Total Burned: [0]
[operationsWorkingGroup.fillOpening]                [WARN] Block: [1180588]. Issuance: [871937994]. Previous issuance: [877937994]. Delta: [-6000000]. Calculated Delta: [0]. Total Minted: [0]. Total Burned: [0]
[operationsWorkingGroup.fillOpening]                [WARN] Block: [1191287]. Issuance: [873373008]. Previous issuance: [873673008]. Delta: [-300000]. Calculated Delta: [0]. Total Minted: [0]. Total Burned: [0]
[operationsWorkingGroup.fillOpening]                [WARN] Block: [1191406]. Issuance: [873073329]. Previous issuance: [873373326]. Delta: [-299997]. Calculated Delta: [3]. Total Minted: [3]. Total Burned: [0]
[operationsWorkingGroup.updateRewardAmount]         [WARN] Block: [1191475]. Issuance: [873073735]. Previous issuance: [873073728]. Delta: [7]. Calculated Delta: [6]. Total Minted: [6]. Total Burned: [0]
[operationsWorkingGroup.fillOpening]                [WARN] Block: [1236973]. Issuance: [927930868]. Previous issuance: [928030861]. Delta: [-99993]. Calculated Delta: [7]. Total Minted: [7]. Total Burned: [0]
[staking bug? - no events]                          [WARN] Block: [1247725]. Issuance: [909448729]. Previous issuance: [909948712]. Delta: [-499983]. Calculated Delta: [17]. Total Minted: [17]. Total Burned: [0]
[staking bug? - no events]                          [WARN] Block: [1292116]. Issuance: [921213567]. Previous issuance: [921713550]. Delta: [-499983]. Calculated Delta: [17]. Total Minted: [17]. Total Burned: [0]
[staking bug? - no events]                          [WARN] Block: [1292121]. Issuance: [920713652]. Previous issuance: [921213635]. Delta: [-499983]. Calculated Delta: [17]. Total Minted: [17]. Total Burned: [0]
[staking bug? - no events]                          [WARN] Block: [1292125]. Issuance: [920213720]. Previous issuance: [920713703]. Delta: [-499983]. Calculated Delta: [17]. Total Minted: [17]. Total Burned: [0]
[staking bug? - no events]                          [WARN] Block: [1359953]. Issuance: [961714365]. Previous issuance: [961719348]. Delta: [-4983]. Calculated Delta: [17]. Total Minted: [17]. Total Burned: [0]
[operationsWorkingGroup.updateRewardAmount]         [WARN] Block: [1415370]. Issuance: [984006503]. Previous issuance: [984006446]. Delta: [57]. Calculated Delta: [17]. Total Minted: [17]. Total Burned: [0]
[operationsWorkingGroup.updateRewardAmount]         [WARN] Block: [1504934]. Issuance: [1032512566]. Previous issuance: [1032512491]. Delta: [75]. Calculated Delta: [57]. Total Minted: [57]. Total Burned: [0]
[operationsWorkingGroup.updateRewardAmount]         [WARN] Block: [1504938]. Issuance: [1032537276]. Previous issuance: [1032537182]. Delta: [94]. Calculated Delta: [75]. Total Minted: [75]. Total Burned: [0]
[operationsWorkingGroup.updateRewardAmount]         [WARN] Block: [1504942]. Issuance: [1032559947]. Previous issuance: [1032537558]. Delta: [22389]. Calculated Delta: [22370]. Total Minted: [22370]. Total Burned: [0]
[operationsWorkingGroup.updateRewardAmount]         [WARN] Block: [1504947]. Issuance: [1032585508]. Previous issuance: [1032585376]. Delta: [132]. Calculated Delta: [113]. Total Minted: [113]. Total Burned: [0]
[operationsWorkingGroup.updateRewardAmount]         [WARN] Block: [1504950]. Issuance: [1032585923]. Previous issuance: [1032585772]. Delta: [151]. Calculated Delta: [132]. Total Minted: [132]. Total Burned: [0]
[operationsWorkingGroup.updateRewardAmount]         [WARN] Block: [1504953]. Issuance: [1032609595]. Previous issuance: [1032609425]. Delta: [170]. Calculated Delta: [151]. Total Minted: [151]. Total Burned: [0]
[operationsWorkingGroup.updateRewardAmount]         [WARN] Block: [1504956]. Issuance: [1032610075]. Previous issuance: [1032609935]. Delta: [140]. Calculated Delta: [170]. Total Minted: [170]. Total Burned: [0]
[operationsWorkingGroup.fillOpening]                [WARN] Block: [1505062]. Issuance: [1032124915]. Previous issuance: [1032624775]. Delta: [-499860]. Calculated Delta: [140]. Total Minted: [140]. Total Burned: [0]
[balances.transfer]                                 [WARN] Block: [1521860]. Issuance: [1016549677]. Previous issuance: [1016900417]. Delta: [-350740]. Calculated Delta: [160]. Total Minted: [160]. Total Burned: [0]
[operationsWorkingGroup.updateRewardAmount]         [WARN] Block: [1556265]. Issuance: [1005108604]. Previous issuance: [1005108594]. Delta: [10]. Calculated Delta: [160]. Total Minted: [160]. Total Burned: [0]
[balances.transfer]                                 [WARN] Block: [1565294]. Issuance: [1038638854]. Previous issuance: [1040638773]. Delta: [-1999919]. Calculated Delta: [81]. Total Minted: [81]. Total Burned: [0]
[operationsWorkingGroup.updateRewardAmount]         [WARN] Block: [1579307]. Issuance: [1050176791]. Previous issuance: [1050176670]. Delta: [121]. Calculated Delta: [81]. Total Minted: [81]. Total Burned: [0]
[operationsWorkingGroup.updateRewardAmount]         [WARN] Block: [1579327]. Issuance: [1050179221]. Previous issuance: [1050179090]. Delta: [131]. Calculated Delta: [121]. Total Minted: [121]. Total Burned: [0]
[operationsWorkingGroup.updateRewardAmount]         [WARN] Block: [1579332]. Issuance: [1050179886]. Previous issuance: [1050179745]. Delta: [141]. Calculated Delta: [131]. Total Minted: [131]. Total Burned: [0]
[operationsWorkingGroup.updateRewardAmount]         [WARN] Block: [1579338]. Issuance: [1050180742]. Previous issuance: [1050180591]. Delta: [151]. Calculated Delta: [141]. Total Minted: [141]. Total Burned: [0]
[operationsWorkingGroup.updateRewardAmount]         [WARN] Block: [1606888]. Issuance: [1063532802]. Previous issuance: [1063532801]. Delta: [1]. Calculated Delta: [0]. Total Minted: [0]. Total Burned: [0]
[balances.BalanceSet]                               [WARN] Block: [1609074]. Issuance: [1069126289]. Previous issuance: [1074035625]. Delta: [-4909336]. Calculated Delta: [0]. Total Minted: [0]. Total Burned: [0]
[proposalsEngine.ProposalStatusUpdated.Expired]     [WARN] Block: [1632660]. Issuance: [1064327315]. Previous issuance: [1064332173]. Delta: [-4858]. Calculated Delta: [142]. Total Minted: [142]. Total Burned: [0]
[operationsWorkingGroup.updateRewardAmount]         [WARN] Block: [1635512]. Issuance: [1065732553]. Previous issuance: [1065732406]. Delta: [147]. Calculated Delta: [142]. Total Minted: [142]. Total Burned: [0]
[operationsWorkingGroup.fillOpening]                [WARN] Block: [1659176]. Issuance: [1076573667]. Previous issuance: [1076593667]. Delta: [-20000]. Calculated Delta: [0]. Total Minted: [0]. Total Burned: [0]
[balances.transfer]                                 [WARN] Block: [1694973]. Issuance: [1094444193]. Previous issuance: [1101444193]. Delta: [-7000000]. Calculated Delta: [0]. Total Minted: [0]. Total Burned: [0]
[operationsWorkingGroup.terminateRole]              [WARN] Block: [1726540]. Issuance: [1119759144]. Previous issuance: [1120259000]. Delta: [-499856]. Calculated Delta: [144]. Total Minted: [144]. Total Burned: [0]
[operationsWorkingGroup.terminateRole]              [WARN] Block: [1726545]. Issuance: [1119259854]. Previous issuance: [1119759720]. Delta: [-499866]. Calculated Delta: [144]. Total Minted: [144]. Total Burned: [0]
[operationsWorkingGroup.terminateRole]              [WARN] Block: [1726550]. Issuance: [1118760523]. Previous issuance: [1119260390]. Delta: [-499867]. Calculated Delta: [134]. Total Minted: [134]. Total Burned: [0]
[operationsWorkingGroup.terminateRole]              [WARN] Block: [1726554]. Issuance: [1118261054]. Previous issuance: [1118760922]. Delta: [-499868]. Calculated Delta: [133]. Total Minted: [133]. Total Burned: [0]
[operationsWorkingGroup.terminateRole]              [WARN] Block: [1726559]. Issuance: [1117761713]. Previous issuance: [1118261582]. Delta: [-499869]. Calculated Delta: [132]. Total Minted: [132]. Total Burned: [0]
[operationsWorkingGroup.terminateRole]              [WARN] Block: [1726575]. Issuance: [1117263789]. Previous issuance: [1117763678]. Delta: [-499889]. Calculated Delta: [131]. Total Minted: [131]. Total Burned: [0]
[operationsWorkingGroup.terminateRole]              [WARN] Block: [1726579]. Issuance: [1116764203]. Previous issuance: [1117264122]. Delta: [-499919]. Calculated Delta: [111]. Total Minted: [111]. Total Burned: [0]
[operationsWorkingGroup.terminateRole]              [WARN] Block: [1726588]. Issuance: [1116264921]. Previous issuance: [1116764851]. Delta: [-499930]. Calculated Delta: [81]. Total Minted: [81]. Total Burned: [0]
[operationsWorkingGroup.terminateRole]              [WARN] Block: [1726592]. Issuance: [1115765181]. Previous issuance: [1116265131]. Delta: [-499950]. Calculated Delta: [70]. Total Minted: [70]. Total Burned: [0]
[operationsWorkingGroup.terminateRole]              [WARN] Block: [1726596]. Issuance: [1115665331]. Previous issuance: [1115765331]. Delta: [-100000]. Calculated Delta: [50]. Total Minted: [50]. Total Burned: [0]
[proposalsEngine.ProposalStatusUpdated.Expired]     [WARN] Block: [1733243]. Issuance: [1117969983]. Previous issuance: [1117974983]. Delta: [-5000]. Calculated Delta: [0]. Total Minted: [0]. Total Burned: [0]
[proposalsEngine.ProposalStatusUpdated.Expired]     [WARN] Block: [1762994]. Issuance: [1113506861]. Previous issuance: [1113511861]. Delta: [-5000]. Calculated Delta: [0]. Total Minted: [0]. Total Burned: [0]
[proposalsEngine.ProposalStatusUpdated.Rejected]    [WARN] Block: [1763205]. Issuance: [1113853107]. Previous issuance: [1113858107]. Delta: [-5000]. Calculated Delta: [0]. Total Minted: [0]. Total Burned: [0]
[proposalsEngine.ProposalStatusUpdated.Expired]     [WARN] Block: [1768109]. Issuance: [1114947172]. Previous issuance: [1114952172]. Delta: [-5000]. Calculated Delta: [0]. Total Minted: [0]. Total Burned: [0]